<?xml version="1.0" encoding="UTF-8"?>
<testsuite xmlns:xsi="http://www.w3.org/2001/XMLSchema-instance" xsi:noNamespaceSchemaLocation="https://maven.apache.org/surefire/maven-surefire-plugin/xsd/surefire-test-report.xsd" name="com.cognizant.authorization.AuthorizationServiceApplicationTests" time="16.619" tests="1" errors="1" skipped="0" failures="0">
  <properties>
[...]
</properties>
  <testcase name="main" classname="com.cognizant.authorization.AuthorizationServiceApplicationTests" time="16.594">
    <error message="Failed to start bean &apos;webServerStartStop&apos;; nested exception is org.springframework.boot.web.server.PortInUseException: Port 8084 is already in use" type="org.springframework.context.ApplicationContextException">org.springframework.context.ApplicationContextException: Failed to start bean 'webServerStartStop'; nested exception is org.springframework.boot.web.server.PortInUseException: Port 8084 is already in use
	at com.cognizant.authorization.AuthorizationServiceApplicationTests.main(AuthorizationServiceApplicationTests.java:15)
Caused by: org.springframework.boot.web.server.PortInUseException: Port 8084 is already in use
	at com.cognizant.authorization.AuthorizationServiceApplicationTests.main(AuthorizationServiceApplicationTests.java:15)
Caused by: java.lang.IllegalArgumentException: standardService.connector.startFailed
	at com.cognizant.authorization.AuthorizationServiceApplicationTests.main(AuthorizationServiceApplicationTests.java:15)
Caused by: org.apache.catalina.LifecycleException: Protocol handler start failed
	at com.cognizant.authorization.AuthorizationServiceApplicationTests.main(AuthorizationServiceApplicationTests.java:15)
Caused by: java.net.BindException: Address already in use: bind
	at com.cognizant.authorization.AuthorizationServiceApplicationTests.main(AuthorizationServiceApplicationTests.java:15)
</error>
    <system-out><![CDATA[15:24:24.297 [main] DEBUG org.springframework.test.context.junit4.SpringJUnit4ClassRunner - SpringJUnit4ClassRunner constructor called with [class com.cognizant.authorization.model.ErrorResponseTest]
15:24:24.308 [main] DEBUG org.springframework.test.context.BootstrapUtils - Instantiating CacheAwareContextLoaderDelegate from class [org.springframework.test.context.cache.DefaultCacheAwareContextLoaderDelegate]
15:24:24.338 [main] DEBUG org.springframework.test.context.BootstrapUtils - Instantiating BootstrapContext using constructor [public org.springframework.test.context.support.DefaultBootstrapContext(java.lang.Class,org.springframework.test.context.CacheAwareContextLoaderDelegate)]
15:24:24.471 [main] DEBUG org.springframework.test.context.BootstrapUtils - Instantiating TestContextBootstrapper for test class [com.cognizant.authorization.model.ErrorResponseTest] from class [org.springframework.boot.test.context.SpringBootTestContextBootstrapper]
15:24:24.525 [main] INFO org.springframework.boot.test.context.SpringBootTestContextBootstrapper - Neither @ContextConfiguration nor @ContextHierarchy found for test class [com.cognizant.authorization.model.ErrorResponseTest], using SpringBootContextLoader
15:24:24.546 [main] DEBUG org.springframework.test.context.support.AbstractContextLoader - Did not detect default resource location for test class [com.cognizant.authorization.model.ErrorResponseTest]: class path resource [com/cognizant/authorization/model/ErrorResponseTest-context.xml] does not exist
15:24:24.548 [main] DEBUG org.springframework.test.context.support.AbstractContextLoader - Did not detect default resource location for test class [com.cognizant.authorization.model.ErrorResponseTest]: class path resource [com/cognizant/authorization/model/ErrorResponseTestContext.groovy] does not exist
15:24:24.549 [main] INFO org.springframework.test.context.support.AbstractContextLoader - Could not detect default resource locations for test class [com.cognizant.authorization.model.ErrorResponseTest]: no resource found for suffixes {-context.xml, Context.groovy}.
15:24:24.551 [main] INFO org.springframework.test.context.support.AnnotationConfigContextLoaderUtils - Could not detect default configuration classes for test class [com.cognizant.authorization.model.ErrorResponseTest]: ErrorResponseTest does not declare any static, non-private, non-final, nested classes annotated with @Configuration.
15:24:24.756 [main] DEBUG org.springframework.test.context.support.ActiveProfilesUtils - Could not find an 'annotation declaring class' for annotation type [org.springframework.test.context.ActiveProfiles] and class [com.cognizant.authorization.model.ErrorResponseTest]
15:24:25.061 [main] DEBUG org.springframework.context.annotation.ClassPathScanningCandidateComponentProvider - Identified candidate component class: file [C:\Pharmacy-managment-System-Microservice-main\authorization-service\target\classes\com\cognizant\authorization\AuthorizationServiceApplication.class]
15:24:25.063 [main] INFO org.springframework.boot.test.context.SpringBootTestContextBootstrapper - Found @SpringBootConfiguration com.cognizant.authorization.AuthorizationServiceApplication for test class com.cognizant.authorization.model.ErrorResponseTest
15:24:25.505 [main] DEBUG org.springframework.boot.test.context.SpringBootTestContextBootstrapper - @TestExecutionListeners is not present for class [com.cognizant.authorization.model.ErrorResponseTest]: using defaults.
15:24:25.506 [main] INFO org.springframework.boot.test.context.SpringBootTestContextBootstrapper - Loaded default TestExecutionListener class names from location [META-INF/spring.factories]: [org.springframework.boot.test.mock.mockito.MockitoTestExecutionListener, org.springframework.boot.test.mock.mockito.ResetMocksTestExecutionListener, org.springframework.boot.test.autoconfigure.restdocs.RestDocsTestExecutionListener, org.springframework.boot.test.autoconfigure.web.client.MockRestServiceServerResetTestExecutionListener, org.springframework.boot.test.autoconfigure.web.servlet.MockMvcPrintOnlyOnFailureTestExecutionListener, org.springframework.boot.test.autoconfigure.web.servlet.WebDriverTestExecutionListener, org.springframework.boot.test.autoconfigure.webservices.client.MockWebServiceServerTestExecutionListener, org.springframework.test.context.web.ServletTestExecutionListener, org.springframework.test.context.support.DirtiesContextBeforeModesTestExecutionListener, org.springframework.test.context.support.DependencyInjectionTestExecutionListener, org.springframework.test.context.support.DirtiesContextTestExecutionListener, org.springframework.test.context.transaction.TransactionalTestExecutionListener, org.springframework.test.context.jdbc.SqlScriptsTestExecutionListener, org.springframework.test.context.event.EventPublishingTestExecutionListener, org.springframework.security.test.context.support.WithSecurityContextTestExecutionListener, org.springframework.security.test.context.support.ReactorContextTestExecutionListener]
15:24:25.733 [main] INFO org.springframework.boot.test.context.SpringBootTestContextBootstrapper - Using TestExecutionListeners: [org.springframework.test.context.web.ServletTestExecutionListener@4233e892, org.springframework.test.context.support.DirtiesContextBeforeModesTestExecutionListener@77d2e85, org.springframework.boot.test.mock.mockito.MockitoTestExecutionListener@3ecd267f, org.springframework.boot.test.autoconfigure.SpringBootDependencyInjectionTestExecutionListener@58ffcbd7, org.springframework.test.context.support.DirtiesContextTestExecutionListener@555cf22, org.springframework.test.context.transaction.TransactionalTestExecutionListener@6bb2d00b, org.springframework.test.context.jdbc.SqlScriptsTestExecutionListener@3c9bfddc, org.springframework.test.context.event.EventPublishingTestExecutionListener@1a9c38eb, org.springframework.security.test.context.support.WithSecurityContextTestExecutionListener@319bc845, org.springframework.security.test.context.support.ReactorContextTestExecutionListener@4c5474f5, org.springframework.boot.test.mock.mockito.ResetMocksTestExecutionListener@2f4205be, org.springframework.boot.test.autoconfigure.restdocs.RestDocsTestExecutionListener@54e22bdd, org.springframework.boot.test.autoconfigure.web.client.MockRestServiceServerResetTestExecutionListener@3bd418e4, org.springframework.boot.test.autoconfigure.web.servlet.MockMvcPrintOnlyOnFailureTestExecutionListener@544820b7, org.springframework.boot.test.autoconfigure.web.servlet.WebDriverTestExecutionListener@6b98a075, org.springframework.boot.test.autoconfigure.webservices.client.MockWebServiceServerTestExecutionListener@2e61d218]
15:24:25.739 [main] DEBUG org.springframework.test.annotation.ProfileValueUtils - Retrieved @ProfileValueSourceConfiguration [null] for test class [com.cognizant.authorization.model.ErrorResponseTest]
15:24:25.741 [main] DEBUG org.springframework.test.annotation.ProfileValueUtils - Retrieved ProfileValueSource type [class org.springframework.test.annotation.SystemProfileValueSource] for class [com.cognizant.authorization.model.ErrorResponseTest]
15:24:25.747 [main] DEBUG org.springframework.test.annotation.ProfileValueUtils - Retrieved @ProfileValueSourceConfiguration [null] for test class [com.cognizant.authorization.model.ErrorResponseTest]
15:24:25.747 [main] DEBUG org.springframework.test.annotation.ProfileValueUtils - Retrieved ProfileValueSource type [class org.springframework.test.annotation.SystemProfileValueSource] for class [com.cognizant.authorization.model.ErrorResponseTest]
15:24:25.747 [main] DEBUG org.springframework.test.annotation.ProfileValueUtils - Retrieved @ProfileValueSourceConfiguration [null] for test class [com.cognizant.authorization.model.ErrorResponseTest]
15:24:25.747 [main] DEBUG org.springframework.test.annotation.ProfileValueUtils - Retrieved ProfileValueSource type [class org.springframework.test.annotation.SystemProfileValueSource] for class [com.cognizant.authorization.model.ErrorResponseTest]
15:24:25.763 [main] DEBUG org.springframework.test.context.junit4.SpringJUnit4ClassRunner - SpringJUnit4ClassRunner constructor called with [class com.cognizant.authorization.model.JwtResponseTest]
15:24:25.769 [main] DEBUG org.springframework.test.context.BootstrapUtils - Instantiating CacheAwareContextLoaderDelegate from class [org.springframework.test.context.cache.DefaultCacheAwareContextLoaderDelegate]
15:24:25.770 [main] DEBUG org.springframework.test.context.BootstrapUtils - Instantiating BootstrapContext using constructor [public org.springframework.test.context.support.DefaultBootstrapContext(java.lang.Class,org.springframework.test.context.CacheAwareContextLoaderDelegate)]
15:24:25.771 [main] DEBUG org.springframework.test.context.BootstrapUtils - Instantiating TestContextBootstrapper for test class [com.cognizant.authorization.model.JwtResponseTest] from class [org.springframework.boot.test.context.SpringBootTestContextBootstrapper]
15:24:25.780 [main] INFO org.springframework.boot.test.context.SpringBootTestContextBootstrapper - Neither @ContextConfiguration nor @ContextHierarchy found for test class [com.cognizant.authorization.model.JwtResponseTest], using SpringBootContextLoader
15:24:25.783 [main] DEBUG org.springframework.test.context.support.AbstractContextLoader - Did not detect default resource location for test class [com.cognizant.authorization.model.JwtResponseTest]: class path resource [com/cognizant/authorization/model/JwtResponseTest-context.xml] does not exist
15:24:25.800 [main] DEBUG org.springframework.test.context.support.AbstractContextLoader - Did not detect default resource location for test class [com.cognizant.authorization.model.JwtResponseTest]: class path resource [com/cognizant/authorization/model/JwtResponseTestContext.groovy] does not exist
15:24:25.800 [main] INFO org.springframework.test.context.support.AbstractContextLoader - Could not detect default resource locations for test class [com.cognizant.authorization.model.JwtResponseTest]: no resource found for suffixes {-context.xml, Context.groovy}.
15:24:25.801 [main] INFO org.springframework.test.context.support.AnnotationConfigContextLoaderUtils - Could not detect default configuration classes for test class [com.cognizant.authorization.model.JwtResponseTest]: JwtResponseTest does not declare any static, non-private, non-final, nested classes annotated with @Configuration.
15:24:25.805 [main] DEBUG org.springframework.test.context.support.ActiveProfilesUtils - Could not find an 'annotation declaring class' for annotation type [org.springframework.test.context.ActiveProfiles] and class [com.cognizant.authorization.model.JwtResponseTest]
15:24:25.809 [main] INFO org.springframework.boot.test.context.SpringBootTestContextBootstrapper - Found @SpringBootConfiguration com.cognizant.authorization.AuthorizationServiceApplication for test class com.cognizant.authorization.model.JwtResponseTest
15:24:25.819 [main] DEBUG org.springframework.boot.test.context.SpringBootTestContextBootstrapper - @TestExecutionListeners is not present for class [com.cognizant.authorization.model.JwtResponseTest]: using defaults.
15:24:25.819 [main] INFO org.springframework.boot.test.context.SpringBootTestContextBootstrapper - Loaded default TestExecutionListener class names from location [META-INF/spring.factories]: [org.springframework.boot.test.mock.mockito.MockitoTestExecutionListener, org.springframework.boot.test.mock.mockito.ResetMocksTestExecutionListener, org.springframework.boot.test.autoconfigure.restdocs.RestDocsTestExecutionListener, org.springframework.boot.test.autoconfigure.web.client.MockRestServiceServerResetTestExecutionListener, org.springframework.boot.test.autoconfigure.web.servlet.MockMvcPrintOnlyOnFailureTestExecutionListener, org.springframework.boot.test.autoconfigure.web.servlet.WebDriverTestExecutionListener, org.springframework.boot.test.autoconfigure.webservices.client.MockWebServiceServerTestExecutionListener, org.springframework.test.context.web.ServletTestExecutionListener, org.springframework.test.context.support.DirtiesContextBeforeModesTestExecutionListener, org.springframework.test.context.support.DependencyInjectionTestExecutionListener, org.springframework.test.context.support.DirtiesContextTestExecutionListener, org.springframework.test.context.transaction.TransactionalTestExecutionListener, org.springframework.test.context.jdbc.SqlScriptsTestExecutionListener, org.springframework.test.context.event.EventPublishingTestExecutionListener, org.springframework.security.test.context.support.WithSecurityContextTestExecutionListener, org.springframework.security.test.context.support.ReactorContextTestExecutionListener]
15:24:25.822 [main] INFO org.springframework.boot.test.context.SpringBootTestContextBootstrapper - Using TestExecutionListeners: [org.springframework.test.context.web.ServletTestExecutionListener@68fa0ba8, org.springframework.test.context.support.DirtiesContextBeforeModesTestExecutionListener@6c5945a7, org.springframework.boot.test.mock.mockito.MockitoTestExecutionListener@2f05be7f, org.springframework.boot.test.autoconfigure.SpringBootDependencyInjectionTestExecutionListener@640f11a1, org.springframework.test.context.support.DirtiesContextTestExecutionListener@5c10f1c3, org.springframework.test.context.transaction.TransactionalTestExecutionListener@7ac2e39b, org.springframework.test.context.jdbc.SqlScriptsTestExecutionListener@78365cfa, org.springframework.test.context.event.EventPublishingTestExecutionListener@64a8c844, org.springframework.security.test.context.support.WithSecurityContextTestExecutionListener@3f6db3fb, org.springframework.security.test.context.support.ReactorContextTestExecutionListener@52de51b6, org.springframework.boot.test.mock.mockito.ResetMocksTestExecutionListener@18c5069b, org.springframework.boot.test.autoconfigure.restdocs.RestDocsTestExecutionListener@3a0d172f, org.springframework.boot.test.autoconfigure.web.client.MockRestServiceServerResetTestExecutionListener@68ad99fe, org.springframework.boot.test.autoconfigure.web.servlet.MockMvcPrintOnlyOnFailureTestExecutionListener@485e36bc, org.springframework.boot.test.autoconfigure.web.servlet.WebDriverTestExecutionListener@781f10f2, org.springframework.boot.test.autoconfigure.webservices.client.MockWebServiceServerTestExecutionListener@2a79d4b1]
15:24:25.823 [main] DEBUG org.springframework.test.annotation.ProfileValueUtils - Retrieved @ProfileValueSourceConfiguration [null] for test class [com.cognizant.authorization.model.JwtResponseTest]
15:24:25.823 [main] DEBUG org.springframework.test.annotation.ProfileValueUtils - Retrieved ProfileValueSource type [class org.springframework.test.annotation.SystemProfileValueSource] for class [com.cognizant.authorization.model.JwtResponseTest]
15:24:25.824 [main] DEBUG org.springframework.test.annotation.ProfileValueUtils - Retrieved @ProfileValueSourceConfiguration [null] for test class [com.cognizant.authorization.model.JwtResponseTest]
15:24:25.824 [main] DEBUG org.springframework.test.annotation.ProfileValueUtils - Retrieved ProfileValueSource type [class org.springframework.test.annotation.SystemProfileValueSource] for class [com.cognizant.authorization.model.JwtResponseTest]
15:24:25.825 [main] DEBUG org.springframework.test.annotation.ProfileValueUtils - Retrieved @ProfileValueSourceConfiguration [null] for test class [com.cognizant.authorization.model.JwtResponseTest]
15:24:25.826 [main] DEBUG org.springframework.test.annotation.ProfileValueUtils - Retrieved ProfileValueSource type [class org.springframework.test.annotation.SystemProfileValueSource] for class [com.cognizant.authorization.model.JwtResponseTest]
15:24:25.840 [main] DEBUG org.springframework.test.context.junit4.SpringJUnit4ClassRunner - SpringJUnit4ClassRunner constructor called with [class com.cognizant.authorization.model.MyUserTest]
15:24:25.840 [main] DEBUG org.springframework.test.context.BootstrapUtils - Instantiating CacheAwareContextLoaderDelegate from class [org.springframework.test.context.cache.DefaultCacheAwareContextLoaderDelegate]
15:24:25.841 [main] DEBUG org.springframework.test.context.BootstrapUtils - Instantiating BootstrapContext using constructor [public org.springframework.test.context.support.DefaultBootstrapContext(java.lang.Class,org.springframework.test.context.CacheAwareContextLoaderDelegate)]
15:24:25.842 [main] DEBUG org.springframework.test.context.BootstrapUtils - Instantiating TestContextBootstrapper for test class [com.cognizant.authorization.model.MyUserTest] from class [org.springframework.boot.test.context.SpringBootTestContextBootstrapper]
15:24:25.844 [main] INFO org.springframework.boot.test.context.SpringBootTestContextBootstrapper - Neither @ContextConfiguration nor @ContextHierarchy found for test class [com.cognizant.authorization.model.MyUserTest], using SpringBootContextLoader
15:24:25.849 [main] DEBUG org.springframework.test.context.support.AbstractContextLoader - Did not detect default resource location for test class [com.cognizant.authorization.model.MyUserTest]: class path resource [com/cognizant/authorization/model/MyUserTest-context.xml] does not exist
15:24:25.851 [main] DEBUG org.springframework.test.context.support.AbstractContextLoader - Did not detect default resource location for test class [com.cognizant.authorization.model.MyUserTest]: class path resource [com/cognizant/authorization/model/MyUserTestContext.groovy] does not exist
15:24:25.851 [main] INFO org.springframework.test.context.support.AbstractContextLoader - Could not detect default resource locations for test class [com.cognizant.authorization.model.MyUserTest]: no resource found for suffixes {-context.xml, Context.groovy}.
15:24:25.852 [main] INFO org.springframework.test.context.support.AnnotationConfigContextLoaderUtils - Could not detect default configuration classes for test class [com.cognizant.authorization.model.MyUserTest]: MyUserTest does not declare any static, non-private, non-final, nested classes annotated with @Configuration.
15:24:25.861 [main] DEBUG org.springframework.test.context.support.ActiveProfilesUtils - Could not find an 'annotation declaring class' for annotation type [org.springframework.test.context.ActiveProfiles] and class [com.cognizant.authorization.model.MyUserTest]
15:24:25.863 [main] INFO org.springframework.boot.test.context.SpringBootTestContextBootstrapper - Found @SpringBootConfiguration com.cognizant.authorization.AuthorizationServiceApplication for test class com.cognizant.authorization.model.MyUserTest
15:24:25.870 [main] DEBUG org.springframework.boot.test.context.SpringBootTestContextBootstrapper - @TestExecutionListeners is not present for class [com.cognizant.authorization.model.MyUserTest]: using defaults.
15:24:25.870 [main] INFO org.springframework.boot.test.context.SpringBootTestContextBootstrapper - Loaded default TestExecutionListener class names from location [META-INF/spring.factories]: [org.springframework.boot.test.mock.mockito.MockitoTestExecutionListener, org.springframework.boot.test.mock.mockito.ResetMocksTestExecutionListener, org.springframework.boot.test.autoconfigure.restdocs.RestDocsTestExecutionListener, org.springframework.boot.test.autoconfigure.web.client.MockRestServiceServerResetTestExecutionListener, org.springframework.boot.test.autoconfigure.web.servlet.MockMvcPrintOnlyOnFailureTestExecutionListener, org.springframework.boot.test.autoconfigure.web.servlet.WebDriverTestExecutionListener, org.springframework.boot.test.autoconfigure.webservices.client.MockWebServiceServerTestExecutionListener, org.springframework.test.context.web.ServletTestExecutionListener, org.springframework.test.context.support.DirtiesContextBeforeModesTestExecutionListener, org.springframework.test.context.support.DependencyInjectionTestExecutionListener, org.springframework.test.context.support.DirtiesContextTestExecutionListener, org.springframework.test.context.transaction.TransactionalTestExecutionListener, org.springframework.test.context.jdbc.SqlScriptsTestExecutionListener, org.springframework.test.context.event.EventPublishingTestExecutionListener, org.springframework.security.test.context.support.WithSecurityContextTestExecutionListener, org.springframework.security.test.context.support.ReactorContextTestExecutionListener]
15:24:25.873 [main] INFO org.springframework.boot.test.context.SpringBootTestContextBootstrapper - Using TestExecutionListeners: [org.springframework.test.context.web.ServletTestExecutionListener@3f390d63, org.springframework.test.context.support.DirtiesContextBeforeModesTestExecutionListener@74a6a609, org.springframework.boot.test.mock.mockito.MockitoTestExecutionListener@5a411614, org.springframework.boot.test.autoconfigure.SpringBootDependencyInjectionTestExecutionListener@2374d36a, org.springframework.test.context.support.DirtiesContextTestExecutionListener@54d18072, org.springframework.test.context.transaction.TransactionalTestExecutionListener@1506f20f, org.springframework.test.context.jdbc.SqlScriptsTestExecutionListener@47a5b70d, org.springframework.test.context.event.EventPublishingTestExecutionListener@424fd310, org.springframework.security.test.context.support.WithSecurityContextTestExecutionListener@1a45193b, org.springframework.security.test.context.support.ReactorContextTestExecutionListener@38f116f6, org.springframework.boot.test.mock.mockito.ResetMocksTestExecutionListener@5286c33a, org.springframework.boot.test.autoconfigure.restdocs.RestDocsTestExecutionListener@6e6d5d29, org.springframework.boot.test.autoconfigure.web.client.MockRestServiceServerResetTestExecutionListener@5c530d1e, org.springframework.boot.test.autoconfigure.web.servlet.MockMvcPrintOnlyOnFailureTestExecutionListener@6c25e6c4, org.springframework.boot.test.autoconfigure.web.servlet.WebDriverTestExecutionListener@85e6769, org.springframework.boot.test.autoconfigure.webservices.client.MockWebServiceServerTestExecutionListener@c5ee75e]
15:24:25.873 [main] DEBUG org.springframework.test.annotation.ProfileValueUtils - Retrieved @ProfileValueSourceConfiguration [null] for test class [com.cognizant.authorization.model.MyUserTest]
15:24:25.876 [main] DEBUG org.springframework.test.annotation.ProfileValueUtils - Retrieved ProfileValueSource type [class org.springframework.test.annotation.SystemProfileValueSource] for class [com.cognizant.authorization.model.MyUserTest]
15:24:25.877 [main] DEBUG org.springframework.test.annotation.ProfileValueUtils - Retrieved @ProfileValueSourceConfiguration [null] for test class [com.cognizant.authorization.model.MyUserTest]
15:24:25.877 [main] DEBUG org.springframework.test.annotation.ProfileValueUtils - Retrieved ProfileValueSource type [class org.springframework.test.annotation.SystemProfileValueSource] for class [com.cognizant.authorization.model.MyUserTest]
15:24:25.878 [main] DEBUG org.springframework.test.annotation.ProfileValueUtils - Retrieved @ProfileValueSourceConfiguration [null] for test class [com.cognizant.authorization.model.MyUserTest]
15:24:25.878 [main] DEBUG org.springframework.test.annotation.ProfileValueUtils - Retrieved ProfileValueSource type [class org.springframework.test.annotation.SystemProfileValueSource] for class [com.cognizant.authorization.model.MyUserTest]
15:24:25.901 [main] DEBUG org.springframework.test.context.junit4.SpringJUnit4ClassRunner - SpringJUnit4ClassRunner constructor called with [class com.cognizant.authorization.model.TestUserLoginCredential]
15:24:25.901 [main] DEBUG org.springframework.test.context.BootstrapUtils - Instantiating CacheAwareContextLoaderDelegate from class [org.springframework.test.context.cache.DefaultCacheAwareContextLoaderDelegate]
15:24:25.901 [main] DEBUG org.springframework.test.context.BootstrapUtils - Instantiating BootstrapContext using constructor [public org.springframework.test.context.support.DefaultBootstrapContext(java.lang.Class,org.springframework.test.context.CacheAwareContextLoaderDelegate)]
15:24:25.903 [main] DEBUG org.springframework.test.context.BootstrapUtils - Instantiating TestContextBootstrapper for test class [com.cognizant.authorization.model.TestUserLoginCredential] from class [org.springframework.boot.test.context.SpringBootTestContextBootstrapper]
15:24:25.903 [main] INFO org.springframework.boot.test.context.SpringBootTestContextBootstrapper - Neither @ContextConfiguration nor @ContextHierarchy found for test class [com.cognizant.authorization.model.TestUserLoginCredential], using SpringBootContextLoader
15:24:25.905 [main] DEBUG org.springframework.test.context.support.AbstractContextLoader - Did not detect default resource location for test class [com.cognizant.authorization.model.TestUserLoginCredential]: class path resource [com/cognizant/authorization/model/TestUserLoginCredential-context.xml] does not exist
15:24:25.908 [main] DEBUG org.springframework.test.context.support.AbstractContextLoader - Did not detect default resource location for test class [com.cognizant.authorization.model.TestUserLoginCredential]: class path resource [com/cognizant/authorization/model/TestUserLoginCredentialContext.groovy] does not exist
15:24:25.909 [main] INFO org.springframework.test.context.support.AbstractContextLoader - Could not detect default resource locations for test class [com.cognizant.authorization.model.TestUserLoginCredential]: no resource found for suffixes {-context.xml, Context.groovy}.
15:24:25.909 [main] INFO org.springframework.test.context.support.AnnotationConfigContextLoaderUtils - Could not detect default configuration classes for test class [com.cognizant.authorization.model.TestUserLoginCredential]: TestUserLoginCredential does not declare any static, non-private, non-final, nested classes annotated with @Configuration.
15:24:25.912 [main] DEBUG org.springframework.test.context.support.ActiveProfilesUtils - Could not find an 'annotation declaring class' for annotation type [org.springframework.test.context.ActiveProfiles] and class [com.cognizant.authorization.model.TestUserLoginCredential]
15:24:25.913 [main] INFO org.springframework.boot.test.context.SpringBootTestContextBootstrapper - Found @SpringBootConfiguration com.cognizant.authorization.AuthorizationServiceApplication for test class com.cognizant.authorization.model.TestUserLoginCredential
15:24:25.921 [main] DEBUG org.springframework.boot.test.context.SpringBootTestContextBootstrapper - @TestExecutionListeners is not present for class [com.cognizant.authorization.model.TestUserLoginCredential]: using defaults.
15:24:25.921 [main] INFO org.springframework.boot.test.context.SpringBootTestContextBootstrapper - Loaded default TestExecutionListener class names from location [META-INF/spring.factories]: [org.springframework.boot.test.mock.mockito.MockitoTestExecutionListener, org.springframework.boot.test.mock.mockito.ResetMocksTestExecutionListener, org.springframework.boot.test.autoconfigure.restdocs.RestDocsTestExecutionListener, org.springframework.boot.test.autoconfigure.web.client.MockRestServiceServerResetTestExecutionListener, org.springframework.boot.test.autoconfigure.web.servlet.MockMvcPrintOnlyOnFailureTestExecutionListener, org.springframework.boot.test.autoconfigure.web.servlet.WebDriverTestExecutionListener, org.springframework.boot.test.autoconfigure.webservices.client.MockWebServiceServerTestExecutionListener, org.springframework.test.context.web.ServletTestExecutionListener, org.springframework.test.context.support.DirtiesContextBeforeModesTestExecutionListener, org.springframework.test.context.support.DependencyInjectionTestExecutionListener, org.springframework.test.context.support.DirtiesContextTestExecutionListener, org.springframework.test.context.transaction.TransactionalTestExecutionListener, org.springframework.test.context.jdbc.SqlScriptsTestExecutionListener, org.springframework.test.context.event.EventPublishingTestExecutionListener, org.springframework.security.test.context.support.WithSecurityContextTestExecutionListener, org.springframework.security.test.context.support.ReactorContextTestExecutionListener]
15:24:25.925 [main] INFO org.springframework.boot.test.context.SpringBootTestContextBootstrapper - Using TestExecutionListeners: [org.springframework.test.context.web.ServletTestExecutionListener@435fb7b5, org.springframework.test.context.support.DirtiesContextBeforeModesTestExecutionListener@4e70a728, org.springframework.boot.test.mock.mockito.MockitoTestExecutionListener@b7838a9, org.springframework.boot.test.autoconfigure.SpringBootDependencyInjectionTestExecutionListener@696f0212, org.springframework.test.context.support.DirtiesContextTestExecutionListener@5733f295, org.springframework.test.context.transaction.TransactionalTestExecutionListener@1c3146bc, org.springframework.test.context.jdbc.SqlScriptsTestExecutionListener@56c698e3, org.springframework.test.context.event.EventPublishingTestExecutionListener@47a86fbb, org.springframework.security.test.context.support.WithSecurityContextTestExecutionListener@f478a81, org.springframework.security.test.context.support.ReactorContextTestExecutionListener@19553973, org.springframework.boot.test.mock.mockito.ResetMocksTestExecutionListener@7bb6ab3a, org.springframework.boot.test.autoconfigure.restdocs.RestDocsTestExecutionListener@7fe7c640, org.springframework.boot.test.autoconfigure.web.client.MockRestServiceServerResetTestExecutionListener@4c4748bf, org.springframework.boot.test.autoconfigure.web.servlet.MockMvcPrintOnlyOnFailureTestExecutionListener@7ce97ee5, org.springframework.boot.test.autoconfigure.web.servlet.WebDriverTestExecutionListener@32c8e539, org.springframework.boot.test.autoconfigure.webservices.client.MockWebServiceServerTestExecutionListener@73dce0e6]
15:24:25.926 [main] DEBUG org.springframework.test.annotation.ProfileValueUtils - Retrieved @ProfileValueSourceConfiguration [null] for test class [com.cognizant.authorization.model.TestUserLoginCredential]
15:24:25.926 [main] DEBUG org.springframework.test.annotation.ProfileValueUtils - Retrieved ProfileValueSource type [class org.springframework.test.annotation.SystemProfileValueSource] for class [com.cognizant.authorization.model.TestUserLoginCredential]
15:24:25.927 [main] DEBUG org.springframework.test.annotation.ProfileValueUtils - Retrieved @ProfileValueSourceConfiguration [null] for test class [com.cognizant.authorization.model.TestUserLoginCredential]
15:24:25.927 [main] DEBUG org.springframework.test.annotation.ProfileValueUtils - Retrieved ProfileValueSource type [class org.springframework.test.annotation.SystemProfileValueSource] for class [com.cognizant.authorization.model.TestUserLoginCredential]
15:24:25.927 [main] DEBUG org.springframework.test.annotation.ProfileValueUtils - Retrieved @ProfileValueSourceConfiguration [null] for test class [com.cognizant.authorization.model.TestUserLoginCredential]
15:24:25.928 [main] DEBUG org.springframework.test.annotation.ProfileValueUtils - Retrieved ProfileValueSource type [class org.springframework.test.annotation.SystemProfileValueSource] for class [com.cognizant.authorization.model.TestUserLoginCredential]
15:24:25.950 [main] DEBUG org.springframework.test.context.junit4.SpringJUnit4ClassRunner - SpringJUnit4ClassRunner constructor called with [class com.cognizant.authorization.model.UserTokenTest]
15:24:25.950 [main] DEBUG org.springframework.test.context.BootstrapUtils - Instantiating CacheAwareContextLoaderDelegate from class [org.springframework.test.context.cache.DefaultCacheAwareContextLoaderDelegate]
15:24:25.950 [main] DEBUG org.springframework.test.context.BootstrapUtils - Instantiating BootstrapContext using constructor [public org.springframework.test.context.support.DefaultBootstrapContext(java.lang.Class,org.springframework.test.context.CacheAwareContextLoaderDelegate)]
15:24:25.951 [main] DEBUG org.springframework.test.context.BootstrapUtils - Instantiating TestContextBootstrapper for test class [com.cognizant.authorization.model.UserTokenTest] from class [org.springframework.boot.test.context.SpringBootTestContextBootstrapper]
15:24:25.952 [main] INFO org.springframework.boot.test.context.SpringBootTestContextBootstrapper - Neither @ContextConfiguration nor @ContextHierarchy found for test class [com.cognizant.authorization.model.UserTokenTest], using SpringBootContextLoader
15:24:25.954 [main] DEBUG org.springframework.test.context.support.AbstractContextLoader - Did not detect default resource location for test class [com.cognizant.authorization.model.UserTokenTest]: class path resource [com/cognizant/authorization/model/UserTokenTest-context.xml] does not exist
15:24:25.961 [main] DEBUG org.springframework.test.context.support.AbstractContextLoader - Did not detect default resource location for test class [com.cognizant.authorization.model.UserTokenTest]: class path resource [com/cognizant/authorization/model/UserTokenTestContext.groovy] does not exist
15:24:25.961 [main] INFO org.springframework.test.context.support.AbstractContextLoader - Could not detect default resource locations for test class [com.cognizant.authorization.model.UserTokenTest]: no resource found for suffixes {-context.xml, Context.groovy}.
15:24:25.961 [main] INFO org.springframework.test.context.support.AnnotationConfigContextLoaderUtils - Could not detect default configuration classes for test class [com.cognizant.authorization.model.UserTokenTest]: UserTokenTest does not declare any static, non-private, non-final, nested classes annotated with @Configuration.
15:24:25.969 [main] DEBUG org.springframework.test.context.support.ActiveProfilesUtils - Could not find an 'annotation declaring class' for annotation type [org.springframework.test.context.ActiveProfiles] and class [com.cognizant.authorization.model.UserTokenTest]
15:24:25.973 [main] INFO org.springframework.boot.test.context.SpringBootTestContextBootstrapper - Found @SpringBootConfiguration com.cognizant.authorization.AuthorizationServiceApplication for test class com.cognizant.authorization.model.UserTokenTest
15:24:25.985 [main] DEBUG org.springframework.boot.test.context.SpringBootTestContextBootstrapper - @TestExecutionListeners is not present for class [com.cognizant.authorization.model.UserTokenTest]: using defaults.
15:24:25.985 [main] INFO org.springframework.boot.test.context.SpringBootTestContextBootstrapper - Loaded default TestExecutionListener class names from location [META-INF/spring.factories]: [org.springframework.boot.test.mock.mockito.MockitoTestExecutionListener, org.springframework.boot.test.mock.mockito.ResetMocksTestExecutionListener, org.springframework.boot.test.autoconfigure.restdocs.RestDocsTestExecutionListener, org.springframework.boot.test.autoconfigure.web.client.MockRestServiceServerResetTestExecutionListener, org.springframework.boot.test.autoconfigure.web.servlet.MockMvcPrintOnlyOnFailureTestExecutionListener, org.springframework.boot.test.autoconfigure.web.servlet.WebDriverTestExecutionListener, org.springframework.boot.test.autoconfigure.webservices.client.MockWebServiceServerTestExecutionListener, org.springframework.test.context.web.ServletTestExecutionListener, org.springframework.test.context.support.DirtiesContextBeforeModesTestExecutionListener, org.springframework.test.context.support.DependencyInjectionTestExecutionListener, org.springframework.test.context.support.DirtiesContextTestExecutionListener, org.springframework.test.context.transaction.TransactionalTestExecutionListener, org.springframework.test.context.jdbc.SqlScriptsTestExecutionListener, org.springframework.test.context.event.EventPublishingTestExecutionListener, org.springframework.security.test.context.support.WithSecurityContextTestExecutionListener, org.springframework.security.test.context.support.ReactorContextTestExecutionListener]
15:24:25.989 [main] INFO org.springframework.boot.test.context.SpringBootTestContextBootstrapper - Using TestExecutionListeners: [org.springframework.test.context.web.ServletTestExecutionListener@4795ded0, org.springframework.test.context.support.DirtiesContextBeforeModesTestExecutionListener@53dacd14, org.springframework.boot.test.mock.mockito.MockitoTestExecutionListener@14d14731, org.springframework.boot.test.autoconfigure.SpringBootDependencyInjectionTestExecutionListener@2eced48b, org.springframework.test.context.support.DirtiesContextTestExecutionListener@47c4ecdc, org.springframework.test.context.transaction.TransactionalTestExecutionListener@42f33b5d, org.springframework.test.context.jdbc.SqlScriptsTestExecutionListener@5c8504fd, org.springframework.test.context.event.EventPublishingTestExecutionListener@4b7e96a, org.springframework.security.test.context.support.WithSecurityContextTestExecutionListener@6475472c, org.springframework.security.test.context.support.ReactorContextTestExecutionListener@3f07b12c, org.springframework.boot.test.mock.mockito.ResetMocksTestExecutionListener@4bd1f8dd, org.springframework.boot.test.autoconfigure.restdocs.RestDocsTestExecutionListener@7096b474, org.springframework.boot.test.autoconfigure.web.client.MockRestServiceServerResetTestExecutionListener@3e14c16d, org.springframework.boot.test.autoconfigure.web.servlet.MockMvcPrintOnlyOnFailureTestExecutionListener@3c989952, org.springframework.boot.test.autoconfigure.web.servlet.WebDriverTestExecutionListener@784b990c, org.springframework.boot.test.autoconfigure.webservices.client.MockWebServiceServerTestExecutionListener@3d3ba765]
15:24:25.990 [main] DEBUG org.springframework.test.annotation.ProfileValueUtils - Retrieved @ProfileValueSourceConfiguration [null] for test class [com.cognizant.authorization.model.UserTokenTest]
15:24:25.991 [main] DEBUG org.springframework.test.annotation.ProfileValueUtils - Retrieved ProfileValueSource type [class org.springframework.test.annotation.SystemProfileValueSource] for class [com.cognizant.authorization.model.UserTokenTest]
15:24:25.992 [main] DEBUG org.springframework.test.annotation.ProfileValueUtils - Retrieved @ProfileValueSourceConfiguration [null] for test class [com.cognizant.authorization.model.UserTokenTest]
15:24:25.992 [main] DEBUG org.springframework.test.annotation.ProfileValueUtils - Retrieved ProfileValueSource type [class org.springframework.test.annotation.SystemProfileValueSource] for class [com.cognizant.authorization.model.UserTokenTest]
15:24:25.992 [main] DEBUG org.springframework.test.annotation.ProfileValueUtils - Retrieved @ProfileValueSourceConfiguration [null] for test class [com.cognizant.authorization.model.UserTokenTest]
15:24:25.993 [main] DEBUG org.springframework.test.annotation.ProfileValueUtils - Retrieved ProfileValueSource type [class org.springframework.test.annotation.SystemProfileValueSource] for class [com.cognizant.authorization.model.UserTokenTest]
15:24:26.018 [main] DEBUG org.springframework.test.context.junit4.SpringJUnit4ClassRunner - SpringJUnit4ClassRunner constructor called with [class com.cognizant.authorization.model.ErrorResponseTest]
15:24:26.018 [main] DEBUG org.springframework.test.context.BootstrapUtils - Instantiating CacheAwareContextLoaderDelegate from class [org.springframework.test.context.cache.DefaultCacheAwareContextLoaderDelegate]
15:24:26.018 [main] DEBUG org.springframework.test.context.BootstrapUtils - Instantiating BootstrapContext using constructor [public org.springframework.test.context.support.DefaultBootstrapContext(java.lang.Class,org.springframework.test.context.CacheAwareContextLoaderDelegate)]
15:24:26.019 [main] DEBUG org.springframework.test.context.BootstrapUtils - Instantiating TestContextBootstrapper for test class [com.cognizant.authorization.model.ErrorResponseTest] from class [org.springframework.boot.test.context.SpringBootTestContextBootstrapper]
15:24:26.020 [main] INFO org.springframework.boot.test.context.SpringBootTestContextBootstrapper - Neither @ContextConfiguration nor @ContextHierarchy found for test class [com.cognizant.authorization.model.ErrorResponseTest], using SpringBootContextLoader
15:24:26.022 [main] DEBUG org.springframework.test.context.support.AbstractContextLoader - Did not detect default resource location for test class [com.cognizant.authorization.model.ErrorResponseTest]: class path resource [com/cognizant/authorization/model/ErrorResponseTest-context.xml] does not exist
15:24:26.023 [main] DEBUG org.springframework.test.context.support.AbstractContextLoader - Did not detect default resource location for test class [com.cognizant.authorization.model.ErrorResponseTest]: class path resource [com/cognizant/authorization/model/ErrorResponseTestContext.groovy] does not exist
15:24:26.023 [main] INFO org.springframework.test.context.support.AbstractContextLoader - Could not detect default resource locations for test class [com.cognizant.authorization.model.ErrorResponseTest]: no resource found for suffixes {-context.xml, Context.groovy}.
15:24:26.024 [main] INFO org.springframework.test.context.support.AnnotationConfigContextLoaderUtils - Could not detect default configuration classes for test class [com.cognizant.authorization.model.ErrorResponseTest]: ErrorResponseTest does not declare any static, non-private, non-final, nested classes annotated with @Configuration.
15:24:26.034 [main] DEBUG org.springframework.test.context.support.ActiveProfilesUtils - Could not find an 'annotation declaring class' for annotation type [org.springframework.test.context.ActiveProfiles] and class [com.cognizant.authorization.model.ErrorResponseTest]
15:24:26.036 [main] INFO org.springframework.boot.test.context.SpringBootTestContextBootstrapper - Found @SpringBootConfiguration com.cognizant.authorization.AuthorizationServiceApplication for test class com.cognizant.authorization.model.ErrorResponseTest
15:24:26.042 [main] DEBUG org.springframework.boot.test.context.SpringBootTestContextBootstrapper - @TestExecutionListeners is not present for class [com.cognizant.authorization.model.ErrorResponseTest]: using defaults.
15:24:26.043 [main] INFO org.springframework.boot.test.context.SpringBootTestContextBootstrapper - Loaded default TestExecutionListener class names from location [META-INF/spring.factories]: [org.springframework.boot.test.mock.mockito.MockitoTestExecutionListener, org.springframework.boot.test.mock.mockito.ResetMocksTestExecutionListener, org.springframework.boot.test.autoconfigure.restdocs.RestDocsTestExecutionListener, org.springframework.boot.test.autoconfigure.web.client.MockRestServiceServerResetTestExecutionListener, org.springframework.boot.test.autoconfigure.web.servlet.MockMvcPrintOnlyOnFailureTestExecutionListener, org.springframework.boot.test.autoconfigure.web.servlet.WebDriverTestExecutionListener, org.springframework.boot.test.autoconfigure.webservices.client.MockWebServiceServerTestExecutionListener, org.springframework.test.context.web.ServletTestExecutionListener, org.springframework.test.context.support.DirtiesContextBeforeModesTestExecutionListener, org.springframework.test.context.support.DependencyInjectionTestExecutionListener, org.springframework.test.context.support.DirtiesContextTestExecutionListener, org.springframework.test.context.transaction.TransactionalTestExecutionListener, org.springframework.test.context.jdbc.SqlScriptsTestExecutionListener, org.springframework.test.context.event.EventPublishingTestExecutionListener, org.springframework.security.test.context.support.WithSecurityContextTestExecutionListener, org.springframework.security.test.context.support.ReactorContextTestExecutionListener]
15:24:26.047 [main] INFO org.springframework.boot.test.context.SpringBootTestContextBootstrapper - Using TestExecutionListeners: [org.springframework.test.context.web.ServletTestExecutionListener@4409e975, org.springframework.test.context.support.DirtiesContextBeforeModesTestExecutionListener@5c153b9e, org.springframework.boot.test.mock.mockito.MockitoTestExecutionListener@2a7686a7, org.springframework.boot.test.autoconfigure.SpringBootDependencyInjectionTestExecutionListener@758a34ce, org.springframework.test.context.support.DirtiesContextTestExecutionListener@7ec3394b, org.springframework.test.context.transaction.TransactionalTestExecutionListener@bff34c6, org.springframework.test.context.jdbc.SqlScriptsTestExecutionListener@1522d8a0, org.springframework.test.context.event.EventPublishingTestExecutionListener@312ab28e, org.springframework.security.test.context.support.WithSecurityContextTestExecutionListener@5644dc81, org.springframework.security.test.context.support.ReactorContextTestExecutionListener@246f8b8b, org.springframework.boot.test.mock.mockito.ResetMocksTestExecutionListener@278bb07e, org.springframework.boot.test.autoconfigure.restdocs.RestDocsTestExecutionListener@4351c8c3, org.springframework.boot.test.autoconfigure.web.client.MockRestServiceServerResetTestExecutionListener@3381b4fc, org.springframework.boot.test.autoconfigure.web.servlet.MockMvcPrintOnlyOnFailureTestExecutionListener@6bea52d4, org.springframework.boot.test.autoconfigure.web.servlet.WebDriverTestExecutionListener@11981797, org.springframework.boot.test.autoconfigure.webservices.client.MockWebServiceServerTestExecutionListener@5c42d2b7]
15:24:26.048 [main] DEBUG org.springframework.test.annotation.ProfileValueUtils - Retrieved @ProfileValueSourceConfiguration [null] for test class [com.cognizant.authorization.model.ErrorResponseTest]
15:24:26.048 [main] DEBUG org.springframework.test.annotation.ProfileValueUtils - Retrieved ProfileValueSource type [class org.springframework.test.annotation.SystemProfileValueSource] for class [com.cognizant.authorization.model.ErrorResponseTest]
15:24:26.051 [main] DEBUG org.springframework.test.annotation.ProfileValueUtils - Retrieved @ProfileValueSourceConfiguration [null] for test class [com.cognizant.authorization.model.ErrorResponseTest]
15:24:26.052 [main] DEBUG org.springframework.test.annotation.ProfileValueUtils - Retrieved ProfileValueSource type [class org.springframework.test.annotation.SystemProfileValueSource] for class [com.cognizant.authorization.model.ErrorResponseTest]
15:24:26.052 [main] DEBUG org.springframework.test.annotation.ProfileValueUtils - Retrieved @ProfileValueSourceConfiguration [null] for test class [com.cognizant.authorization.model.ErrorResponseTest]
15:24:26.052 [main] DEBUG org.springframework.test.annotation.ProfileValueUtils - Retrieved ProfileValueSource type [class org.springframework.test.annotation.SystemProfileValueSource] for class [com.cognizant.authorization.model.ErrorResponseTest]
15:24:26.054 [main] DEBUG org.springframework.test.context.junit4.SpringJUnit4ClassRunner - SpringJUnit4ClassRunner constructor called with [class com.cognizant.authorization.model.JwtResponseTest]
15:24:26.055 [main] DEBUG org.springframework.test.context.BootstrapUtils - Instantiating CacheAwareContextLoaderDelegate from class [org.springframework.test.context.cache.DefaultCacheAwareContextLoaderDelegate]
15:24:26.055 [main] DEBUG org.springframework.test.context.BootstrapUtils - Instantiating BootstrapContext using constructor [public org.springframework.test.context.support.DefaultBootstrapContext(java.lang.Class,org.springframework.test.context.CacheAwareContextLoaderDelegate)]
15:24:26.056 [main] DEBUG org.springframework.test.context.BootstrapUtils - Instantiating TestContextBootstrapper for test class [com.cognizant.authorization.model.JwtResponseTest] from class [org.springframework.boot.test.context.SpringBootTestContextBootstrapper]
15:24:26.061 [main] INFO org.springframework.boot.test.context.SpringBootTestContextBootstrapper - Neither @ContextConfiguration nor @ContextHierarchy found for test class [com.cognizant.authorization.model.JwtResponseTest], using SpringBootContextLoader
15:24:26.062 [main] DEBUG org.springframework.test.context.support.AbstractContextLoader - Did not detect default resource location for test class [com.cognizant.authorization.model.JwtResponseTest]: class path resource [com/cognizant/authorization/model/JwtResponseTest-context.xml] does not exist
15:24:26.063 [main] DEBUG org.springframework.test.context.support.AbstractContextLoader - Did not detect default resource location for test class [com.cognizant.authorization.model.JwtResponseTest]: class path resource [com/cognizant/authorization/model/JwtResponseTestContext.groovy] does not exist
15:24:26.064 [main] INFO org.springframework.test.context.support.AbstractContextLoader - Could not detect default resource locations for test class [com.cognizant.authorization.model.JwtResponseTest]: no resource found for suffixes {-context.xml, Context.groovy}.
15:24:26.064 [main] INFO org.springframework.test.context.support.AnnotationConfigContextLoaderUtils - Could not detect default configuration classes for test class [com.cognizant.authorization.model.JwtResponseTest]: JwtResponseTest does not declare any static, non-private, non-final, nested classes annotated with @Configuration.
15:24:26.068 [main] DEBUG org.springframework.test.context.support.ActiveProfilesUtils - Could not find an 'annotation declaring class' for annotation type [org.springframework.test.context.ActiveProfiles] and class [com.cognizant.authorization.model.JwtResponseTest]
15:24:26.070 [main] INFO org.springframework.boot.test.context.SpringBootTestContextBootstrapper - Found @SpringBootConfiguration com.cognizant.authorization.AuthorizationServiceApplication for test class com.cognizant.authorization.model.JwtResponseTest
15:24:26.078 [main] DEBUG org.springframework.boot.test.context.SpringBootTestContextBootstrapper - @TestExecutionListeners is not present for class [com.cognizant.authorization.model.JwtResponseTest]: using defaults.
15:24:26.079 [main] INFO org.springframework.boot.test.context.SpringBootTestContextBootstrapper - Loaded default TestExecutionListener class names from location [META-INF/spring.factories]: [org.springframework.boot.test.mock.mockito.MockitoTestExecutionListener, org.springframework.boot.test.mock.mockito.ResetMocksTestExecutionListener, org.springframework.boot.test.autoconfigure.restdocs.RestDocsTestExecutionListener, org.springframework.boot.test.autoconfigure.web.client.MockRestServiceServerResetTestExecutionListener, org.springframework.boot.test.autoconfigure.web.servlet.MockMvcPrintOnlyOnFailureTestExecutionListener, org.springframework.boot.test.autoconfigure.web.servlet.WebDriverTestExecutionListener, org.springframework.boot.test.autoconfigure.webservices.client.MockWebServiceServerTestExecutionListener, org.springframework.test.context.web.ServletTestExecutionListener, org.springframework.test.context.support.DirtiesContextBeforeModesTestExecutionListener, org.springframework.test.context.support.DependencyInjectionTestExecutionListener, org.springframework.test.context.support.DirtiesContextTestExecutionListener, org.springframework.test.context.transaction.TransactionalTestExecutionListener, org.springframework.test.context.jdbc.SqlScriptsTestExecutionListener, org.springframework.test.context.event.EventPublishingTestExecutionListener, org.springframework.security.test.context.support.WithSecurityContextTestExecutionListener, org.springframework.security.test.context.support.ReactorContextTestExecutionListener]
15:24:26.081 [main] INFO org.springframework.boot.test.context.SpringBootTestContextBootstrapper - Using TestExecutionListeners: [org.springframework.test.context.web.ServletTestExecutionListener@5b1f29fa, org.springframework.test.context.support.DirtiesContextBeforeModesTestExecutionListener@aeab9a1, org.springframework.boot.test.mock.mockito.MockitoTestExecutionListener@40f70521, org.springframework.boot.test.autoconfigure.SpringBootDependencyInjectionTestExecutionListener@774698ab, org.springframework.test.context.support.DirtiesContextTestExecutionListener@55342f40, org.springframework.test.context.transaction.TransactionalTestExecutionListener@a4ca3f6, org.springframework.test.context.jdbc.SqlScriptsTestExecutionListener@72ea6193, org.springframework.test.context.event.EventPublishingTestExecutionListener@31aa3ca5, org.springframework.security.test.context.support.WithSecurityContextTestExecutionListener@45905bff, org.springframework.security.test.context.support.ReactorContextTestExecutionListener@2a2c13a8, org.springframework.boot.test.mock.mockito.ResetMocksTestExecutionListener@b6b1987, org.springframework.boot.test.autoconfigure.restdocs.RestDocsTestExecutionListener@6b44435b, org.springframework.boot.test.autoconfigure.web.client.MockRestServiceServerResetTestExecutionListener@2ccca26f, org.springframework.boot.test.autoconfigure.web.servlet.MockMvcPrintOnlyOnFailureTestExecutionListener@66b7550d, org.springframework.boot.test.autoconfigure.web.servlet.WebDriverTestExecutionListener@3543df7d, org.springframework.boot.test.autoconfigure.webservices.client.MockWebServiceServerTestExecutionListener@7c541c15]
15:24:26.083 [main] DEBUG org.springframework.test.annotation.ProfileValueUtils - Retrieved @ProfileValueSourceConfiguration [null] for test class [com.cognizant.authorization.model.JwtResponseTest]
15:24:26.083 [main] DEBUG org.springframework.test.annotation.ProfileValueUtils - Retrieved ProfileValueSource type [class org.springframework.test.annotation.SystemProfileValueSource] for class [com.cognizant.authorization.model.JwtResponseTest]
15:24:26.085 [main] DEBUG org.springframework.test.annotation.ProfileValueUtils - Retrieved @ProfileValueSourceConfiguration [null] for test class [com.cognizant.authorization.model.JwtResponseTest]
15:24:26.085 [main] DEBUG org.springframework.test.annotation.ProfileValueUtils - Retrieved ProfileValueSource type [class org.springframework.test.annotation.SystemProfileValueSource] for class [com.cognizant.authorization.model.JwtResponseTest]
15:24:26.086 [main] DEBUG org.springframework.test.annotation.ProfileValueUtils - Retrieved @ProfileValueSourceConfiguration [null] for test class [com.cognizant.authorization.model.JwtResponseTest]
15:24:26.086 [main] DEBUG org.springframework.test.annotation.ProfileValueUtils - Retrieved ProfileValueSource type [class org.springframework.test.annotation.SystemProfileValueSource] for class [com.cognizant.authorization.model.JwtResponseTest]
15:24:26.087 [main] DEBUG org.springframework.test.context.junit4.SpringJUnit4ClassRunner - SpringJUnit4ClassRunner constructor called with [class com.cognizant.authorization.model.MyUserTest]
15:24:26.087 [main] DEBUG org.springframework.test.context.BootstrapUtils - Instantiating CacheAwareContextLoaderDelegate from class [org.springframework.test.context.cache.DefaultCacheAwareContextLoaderDelegate]
15:24:26.087 [main] DEBUG org.springframework.test.context.BootstrapUtils - Instantiating BootstrapContext using constructor [public org.springframework.test.context.support.DefaultBootstrapContext(java.lang.Class,org.springframework.test.context.CacheAwareContextLoaderDelegate)]
15:24:26.088 [main] DEBUG org.springframework.test.context.BootstrapUtils - Instantiating TestContextBootstrapper for test class [com.cognizant.authorization.model.MyUserTest] from class [org.springframework.boot.test.context.SpringBootTestContextBootstrapper]
15:24:26.088 [main] INFO org.springframework.boot.test.context.SpringBootTestContextBootstrapper - Neither @ContextConfiguration nor @ContextHierarchy found for test class [com.cognizant.authorization.model.MyUserTest], using SpringBootContextLoader
15:24:26.097 [main] DEBUG org.springframework.test.context.support.AbstractContextLoader - Did not detect default resource location for test class [com.cognizant.authorization.model.MyUserTest]: class path resource [com/cognizant/authorization/model/MyUserTest-context.xml] does not exist
15:24:26.099 [main] DEBUG org.springframework.test.context.support.AbstractContextLoader - Did not detect default resource location for test class [com.cognizant.authorization.model.MyUserTest]: class path resource [com/cognizant/authorization/model/MyUserTestContext.groovy] does not exist
15:24:26.100 [main] INFO org.springframework.test.context.support.AbstractContextLoader - Could not detect default resource locations for test class [com.cognizant.authorization.model.MyUserTest]: no resource found for suffixes {-context.xml, Context.groovy}.
15:24:26.100 [main] INFO org.springframework.test.context.support.AnnotationConfigContextLoaderUtils - Could not detect default configuration classes for test class [com.cognizant.authorization.model.MyUserTest]: MyUserTest does not declare any static, non-private, non-final, nested classes annotated with @Configuration.
15:24:26.110 [main] DEBUG org.springframework.test.context.support.ActiveProfilesUtils - Could not find an 'annotation declaring class' for annotation type [org.springframework.test.context.ActiveProfiles] and class [com.cognizant.authorization.model.MyUserTest]
15:24:26.111 [main] INFO org.springframework.boot.test.context.SpringBootTestContextBootstrapper - Found @SpringBootConfiguration com.cognizant.authorization.AuthorizationServiceApplication for test class com.cognizant.authorization.model.MyUserTest
15:24:26.117 [main] DEBUG org.springframework.boot.test.context.SpringBootTestContextBootstrapper - @TestExecutionListeners is not present for class [com.cognizant.authorization.model.MyUserTest]: using defaults.
15:24:26.117 [main] INFO org.springframework.boot.test.context.SpringBootTestContextBootstrapper - Loaded default TestExecutionListener class names from location [META-INF/spring.factories]: [org.springframework.boot.test.mock.mockito.MockitoTestExecutionListener, org.springframework.boot.test.mock.mockito.ResetMocksTestExecutionListener, org.springframework.boot.test.autoconfigure.restdocs.RestDocsTestExecutionListener, org.springframework.boot.test.autoconfigure.web.client.MockRestServiceServerResetTestExecutionListener, org.springframework.boot.test.autoconfigure.web.servlet.MockMvcPrintOnlyOnFailureTestExecutionListener, org.springframework.boot.test.autoconfigure.web.servlet.WebDriverTestExecutionListener, org.springframework.boot.test.autoconfigure.webservices.client.MockWebServiceServerTestExecutionListener, org.springframework.test.context.web.ServletTestExecutionListener, org.springframework.test.context.support.DirtiesContextBeforeModesTestExecutionListener, org.springframework.test.context.support.DependencyInjectionTestExecutionListener, org.springframework.test.context.support.DirtiesContextTestExecutionListener, org.springframework.test.context.transaction.TransactionalTestExecutionListener, org.springframework.test.context.jdbc.SqlScriptsTestExecutionListener, org.springframework.test.context.event.EventPublishingTestExecutionListener, org.springframework.security.test.context.support.WithSecurityContextTestExecutionListener, org.springframework.security.test.context.support.ReactorContextTestExecutionListener]
15:24:26.119 [main] INFO org.springframework.boot.test.context.SpringBootTestContextBootstrapper - Using TestExecutionListeners: [org.springframework.test.context.web.ServletTestExecutionListener@1e7aa82b, org.springframework.test.context.support.DirtiesContextBeforeModesTestExecutionListener@3b2c0e88, org.springframework.boot.test.mock.mockito.MockitoTestExecutionListener@5bd82fed, org.springframework.boot.test.autoconfigure.SpringBootDependencyInjectionTestExecutionListener@c1bd0be, org.springframework.test.context.support.DirtiesContextTestExecutionListener@476b0ae6, org.springframework.test.context.transaction.TransactionalTestExecutionListener@1c6804cd, org.springframework.test.context.jdbc.SqlScriptsTestExecutionListener@655f7ea, org.springframework.test.context.event.EventPublishingTestExecutionListener@549949be, org.springframework.security.test.context.support.WithSecurityContextTestExecutionListener@4b3a45f1, org.springframework.security.test.context.support.ReactorContextTestExecutionListener@17a87e37, org.springframework.boot.test.mock.mockito.ResetMocksTestExecutionListener@3eeb318f, org.springframework.boot.test.autoconfigure.restdocs.RestDocsTestExecutionListener@20a14b55, org.springframework.boot.test.autoconfigure.web.client.MockRestServiceServerResetTestExecutionListener@39ad977d, org.springframework.boot.test.autoconfigure.web.servlet.MockMvcPrintOnlyOnFailureTestExecutionListener@6da00fb9, org.springframework.boot.test.autoconfigure.web.servlet.WebDriverTestExecutionListener@a202ccb, org.springframework.boot.test.autoconfigure.webservices.client.MockWebServiceServerTestExecutionListener@20f12539]
15:24:26.119 [main] DEBUG org.springframework.test.annotation.ProfileValueUtils - Retrieved @ProfileValueSourceConfiguration [null] for test class [com.cognizant.authorization.model.MyUserTest]
15:24:26.119 [main] DEBUG org.springframework.test.annotation.ProfileValueUtils - Retrieved ProfileValueSource type [class org.springframework.test.annotation.SystemProfileValueSource] for class [com.cognizant.authorization.model.MyUserTest]
15:24:26.120 [main] DEBUG org.springframework.test.annotation.ProfileValueUtils - Retrieved @ProfileValueSourceConfiguration [null] for test class [com.cognizant.authorization.model.MyUserTest]
15:24:26.120 [main] DEBUG org.springframework.test.annotation.ProfileValueUtils - Retrieved ProfileValueSource type [class org.springframework.test.annotation.SystemProfileValueSource] for class [com.cognizant.authorization.model.MyUserTest]
15:24:26.120 [main] DEBUG org.springframework.test.annotation.ProfileValueUtils - Retrieved @ProfileValueSourceConfiguration [null] for test class [com.cognizant.authorization.model.MyUserTest]
15:24:26.120 [main] DEBUG org.springframework.test.annotation.ProfileValueUtils - Retrieved ProfileValueSource type [class org.springframework.test.annotation.SystemProfileValueSource] for class [com.cognizant.authorization.model.MyUserTest]
15:24:26.122 [main] DEBUG org.springframework.test.context.junit4.SpringJUnit4ClassRunner - SpringJUnit4ClassRunner constructor called with [class com.cognizant.authorization.model.TestUserLoginCredential]
15:24:26.124 [main] DEBUG org.springframework.test.context.BootstrapUtils - Instantiating CacheAwareContextLoaderDelegate from class [org.springframework.test.context.cache.DefaultCacheAwareContextLoaderDelegate]
15:24:26.125 [main] DEBUG org.springframework.test.context.BootstrapUtils - Instantiating BootstrapContext using constructor [public org.springframework.test.context.support.DefaultBootstrapContext(java.lang.Class,org.springframework.test.context.CacheAwareContextLoaderDelegate)]
15:24:26.126 [main] DEBUG org.springframework.test.context.BootstrapUtils - Instantiating TestContextBootstrapper for test class [com.cognizant.authorization.model.TestUserLoginCredential] from class [org.springframework.boot.test.context.SpringBootTestContextBootstrapper]
15:24:26.128 [main] INFO org.springframework.boot.test.context.SpringBootTestContextBootstrapper - Neither @ContextConfiguration nor @ContextHierarchy found for test class [com.cognizant.authorization.model.TestUserLoginCredential], using SpringBootContextLoader
15:24:26.130 [main] DEBUG org.springframework.test.context.support.AbstractContextLoader - Did not detect default resource location for test class [com.cognizant.authorization.model.TestUserLoginCredential]: class path resource [com/cognizant/authorization/model/TestUserLoginCredential-context.xml] does not exist
15:24:26.132 [main] DEBUG org.springframework.test.context.support.AbstractContextLoader - Did not detect default resource location for test class [com.cognizant.authorization.model.TestUserLoginCredential]: class path resource [com/cognizant/authorization/model/TestUserLoginCredentialContext.groovy] does not exist
15:24:26.133 [main] INFO org.springframework.test.context.support.AbstractContextLoader - Could not detect default resource locations for test class [com.cognizant.authorization.model.TestUserLoginCredential]: no resource found for suffixes {-context.xml, Context.groovy}.
15:24:26.134 [main] INFO org.springframework.test.context.support.AnnotationConfigContextLoaderUtils - Could not detect default configuration classes for test class [com.cognizant.authorization.model.TestUserLoginCredential]: TestUserLoginCredential does not declare any static, non-private, non-final, nested classes annotated with @Configuration.
15:24:26.137 [main] DEBUG org.springframework.test.context.support.ActiveProfilesUtils - Could not find an 'annotation declaring class' for annotation type [org.springframework.test.context.ActiveProfiles] and class [com.cognizant.authorization.model.TestUserLoginCredential]
15:24:26.139 [main] INFO org.springframework.boot.test.context.SpringBootTestContextBootstrapper - Found @SpringBootConfiguration com.cognizant.authorization.AuthorizationServiceApplication for test class com.cognizant.authorization.model.TestUserLoginCredential
15:24:26.144 [main] DEBUG org.springframework.boot.test.context.SpringBootTestContextBootstrapper - @TestExecutionListeners is not present for class [com.cognizant.authorization.model.TestUserLoginCredential]: using defaults.
15:24:26.144 [main] INFO org.springframework.boot.test.context.SpringBootTestContextBootstrapper - Loaded default TestExecutionListener class names from location [META-INF/spring.factories]: [org.springframework.boot.test.mock.mockito.MockitoTestExecutionListener, org.springframework.boot.test.mock.mockito.ResetMocksTestExecutionListener, org.springframework.boot.test.autoconfigure.restdocs.RestDocsTestExecutionListener, org.springframework.boot.test.autoconfigure.web.client.MockRestServiceServerResetTestExecutionListener, org.springframework.boot.test.autoconfigure.web.servlet.MockMvcPrintOnlyOnFailureTestExecutionListener, org.springframework.boot.test.autoconfigure.web.servlet.WebDriverTestExecutionListener, org.springframework.boot.test.autoconfigure.webservices.client.MockWebServiceServerTestExecutionListener, org.springframework.test.context.web.ServletTestExecutionListener, org.springframework.test.context.support.DirtiesContextBeforeModesTestExecutionListener, org.springframework.test.context.support.DependencyInjectionTestExecutionListener, org.springframework.test.context.support.DirtiesContextTestExecutionListener, org.springframework.test.context.transaction.TransactionalTestExecutionListener, org.springframework.test.context.jdbc.SqlScriptsTestExecutionListener, org.springframework.test.context.event.EventPublishingTestExecutionListener, org.springframework.security.test.context.support.WithSecurityContextTestExecutionListener, org.springframework.security.test.context.support.ReactorContextTestExecutionListener]
15:24:26.147 [main] INFO org.springframework.boot.test.context.SpringBootTestContextBootstrapper - Using TestExecutionListeners: [org.springframework.test.context.web.ServletTestExecutionListener@18025ced, org.springframework.test.context.support.DirtiesContextBeforeModesTestExecutionListener@13cf7d52, org.springframework.boot.test.mock.mockito.MockitoTestExecutionListener@3a3e4aff, org.springframework.boot.test.autoconfigure.SpringBootDependencyInjectionTestExecutionListener@5d2a4eed, org.springframework.test.context.support.DirtiesContextTestExecutionListener@57459491, org.springframework.test.context.transaction.TransactionalTestExecutionListener@3f0846c6, org.springframework.test.context.jdbc.SqlScriptsTestExecutionListener@77a98a6a, org.springframework.test.context.event.EventPublishingTestExecutionListener@78fbff54, org.springframework.security.test.context.support.WithSecurityContextTestExecutionListener@3e10dc6, org.springframework.security.test.context.support.ReactorContextTestExecutionListener@7e22550a, org.springframework.boot.test.mock.mockito.ResetMocksTestExecutionListener@45e37a7e, org.springframework.boot.test.autoconfigure.restdocs.RestDocsTestExecutionListener@62452cc9, org.springframework.boot.test.autoconfigure.web.client.MockRestServiceServerResetTestExecutionListener@6941827a, org.springframework.boot.test.autoconfigure.web.servlet.MockMvcPrintOnlyOnFailureTestExecutionListener@5a7005d, org.springframework.boot.test.autoconfigure.web.servlet.WebDriverTestExecutionListener@5bc9ba1d, org.springframework.boot.test.autoconfigure.webservices.client.MockWebServiceServerTestExecutionListener@1021f6c9]
15:24:26.147 [main] DEBUG org.springframework.test.annotation.ProfileValueUtils - Retrieved @ProfileValueSourceConfiguration [null] for test class [com.cognizant.authorization.model.TestUserLoginCredential]
15:24:26.147 [main] DEBUG org.springframework.test.annotation.ProfileValueUtils - Retrieved ProfileValueSource type [class org.springframework.test.annotation.SystemProfileValueSource] for class [com.cognizant.authorization.model.TestUserLoginCredential]
15:24:26.147 [main] DEBUG org.springframework.test.annotation.ProfileValueUtils - Retrieved @ProfileValueSourceConfiguration [null] for test class [com.cognizant.authorization.model.TestUserLoginCredential]
15:24:26.148 [main] DEBUG org.springframework.test.annotation.ProfileValueUtils - Retrieved ProfileValueSource type [class org.springframework.test.annotation.SystemProfileValueSource] for class [com.cognizant.authorization.model.TestUserLoginCredential]
15:24:26.148 [main] DEBUG org.springframework.test.annotation.ProfileValueUtils - Retrieved @ProfileValueSourceConfiguration [null] for test class [com.cognizant.authorization.model.TestUserLoginCredential]
15:24:26.148 [main] DEBUG org.springframework.test.annotation.ProfileValueUtils - Retrieved ProfileValueSource type [class org.springframework.test.annotation.SystemProfileValueSource] for class [com.cognizant.authorization.model.TestUserLoginCredential]
15:24:26.149 [main] DEBUG org.springframework.test.context.junit4.SpringJUnit4ClassRunner - SpringJUnit4ClassRunner constructor called with [class com.cognizant.authorization.model.UserTokenTest]
15:24:26.149 [main] DEBUG org.springframework.test.context.BootstrapUtils - Instantiating CacheAwareContextLoaderDelegate from class [org.springframework.test.context.cache.DefaultCacheAwareContextLoaderDelegate]
15:24:26.150 [main] DEBUG org.springframework.test.context.BootstrapUtils - Instantiating BootstrapContext using constructor [public org.springframework.test.context.support.DefaultBootstrapContext(java.lang.Class,org.springframework.test.context.CacheAwareContextLoaderDelegate)]
15:24:26.150 [main] DEBUG org.springframework.test.context.BootstrapUtils - Instantiating TestContextBootstrapper for test class [com.cognizant.authorization.model.UserTokenTest] from class [org.springframework.boot.test.context.SpringBootTestContextBootstrapper]
15:24:26.151 [main] INFO org.springframework.boot.test.context.SpringBootTestContextBootstrapper - Neither @ContextConfiguration nor @ContextHierarchy found for test class [com.cognizant.authorization.model.UserTokenTest], using SpringBootContextLoader
15:24:26.154 [main] DEBUG org.springframework.test.context.support.AbstractContextLoader - Did not detect default resource location for test class [com.cognizant.authorization.model.UserTokenTest]: class path resource [com/cognizant/authorization/model/UserTokenTest-context.xml] does not exist
15:24:26.155 [main] DEBUG org.springframework.test.context.support.AbstractContextLoader - Did not detect default resource location for test class [com.cognizant.authorization.model.UserTokenTest]: class path resource [com/cognizant/authorization/model/UserTokenTestContext.groovy] does not exist
15:24:26.155 [main] INFO org.springframework.test.context.support.AbstractContextLoader - Could not detect default resource locations for test class [com.cognizant.authorization.model.UserTokenTest]: no resource found for suffixes {-context.xml, Context.groovy}.
15:24:26.156 [main] INFO org.springframework.test.context.support.AnnotationConfigContextLoaderUtils - Could not detect default configuration classes for test class [com.cognizant.authorization.model.UserTokenTest]: UserTokenTest does not declare any static, non-private, non-final, nested classes annotated with @Configuration.
15:24:26.161 [main] DEBUG org.springframework.test.context.support.ActiveProfilesUtils - Could not find an 'annotation declaring class' for annotation type [org.springframework.test.context.ActiveProfiles] and class [com.cognizant.authorization.model.UserTokenTest]
15:24:26.164 [main] INFO org.springframework.boot.test.context.SpringBootTestContextBootstrapper - Found @SpringBootConfiguration com.cognizant.authorization.AuthorizationServiceApplication for test class com.cognizant.authorization.model.UserTokenTest
15:24:26.173 [main] DEBUG org.springframework.boot.test.context.SpringBootTestContextBootstrapper - @TestExecutionListeners is not present for class [com.cognizant.authorization.model.UserTokenTest]: using defaults.
15:24:26.173 [main] INFO org.springframework.boot.test.context.SpringBootTestContextBootstrapper - Loaded default TestExecutionListener class names from location [META-INF/spring.factories]: [org.springframework.boot.test.mock.mockito.MockitoTestExecutionListener, org.springframework.boot.test.mock.mockito.ResetMocksTestExecutionListener, org.springframework.boot.test.autoconfigure.restdocs.RestDocsTestExecutionListener, org.springframework.boot.test.autoconfigure.web.client.MockRestServiceServerResetTestExecutionListener, org.springframework.boot.test.autoconfigure.web.servlet.MockMvcPrintOnlyOnFailureTestExecutionListener, org.springframework.boot.test.autoconfigure.web.servlet.WebDriverTestExecutionListener, org.springframework.boot.test.autoconfigure.webservices.client.MockWebServiceServerTestExecutionListener, org.springframework.test.context.web.ServletTestExecutionListener, org.springframework.test.context.support.DirtiesContextBeforeModesTestExecutionListener, org.springframework.test.context.support.DependencyInjectionTestExecutionListener, org.springframework.test.context.support.DirtiesContextTestExecutionListener, org.springframework.test.context.transaction.TransactionalTestExecutionListener, org.springframework.test.context.jdbc.SqlScriptsTestExecutionListener, org.springframework.test.context.event.EventPublishingTestExecutionListener, org.springframework.security.test.context.support.WithSecurityContextTestExecutionListener, org.springframework.security.test.context.support.ReactorContextTestExecutionListener]
15:24:26.177 [main] INFO org.springframework.boot.test.context.SpringBootTestContextBootstrapper - Using TestExecutionListeners: [org.springframework.test.context.web.ServletTestExecutionListener@488eb7f2, org.springframework.test.context.support.DirtiesContextBeforeModesTestExecutionListener@5e81e5ac, org.springframework.boot.test.mock.mockito.MockitoTestExecutionListener@4189d70b, org.springframework.boot.test.autoconfigure.SpringBootDependencyInjectionTestExecutionListener@3fa2213, org.springframework.test.context.support.DirtiesContextTestExecutionListener@3e7634b9, org.springframework.test.context.transaction.TransactionalTestExecutionListener@6f0b0a5e, org.springframework.test.context.jdbc.SqlScriptsTestExecutionListener@6035b93b, org.springframework.test.context.event.EventPublishingTestExecutionListener@320de594, org.springframework.security.test.context.support.WithSecurityContextTestExecutionListener@3dd1dc90, org.springframework.security.test.context.support.ReactorContextTestExecutionListener@abf688e, org.springframework.boot.test.mock.mockito.ResetMocksTestExecutionListener@478ee483, org.springframework.boot.test.autoconfigure.restdocs.RestDocsTestExecutionListener@1a7288a3, org.springframework.boot.test.autoconfigure.web.client.MockRestServiceServerResetTestExecutionListener@2974f221, org.springframework.boot.test.autoconfigure.web.servlet.MockMvcPrintOnlyOnFailureTestExecutionListener@58fe0499, org.springframework.boot.test.autoconfigure.web.servlet.WebDriverTestExecutionListener@686449f9, org.springframework.boot.test.autoconfigure.webservices.client.MockWebServiceServerTestExecutionListener@665df3c6]
15:24:26.178 [main] DEBUG org.springframework.test.annotation.ProfileValueUtils - Retrieved @ProfileValueSourceConfiguration [null] for test class [com.cognizant.authorization.model.UserTokenTest]
15:24:26.178 [main] DEBUG org.springframework.test.annotation.ProfileValueUtils - Retrieved ProfileValueSource type [class org.springframework.test.annotation.SystemProfileValueSource] for class [com.cognizant.authorization.model.UserTokenTest]
15:24:26.179 [main] DEBUG org.springframework.test.annotation.ProfileValueUtils - Retrieved @ProfileValueSourceConfiguration [null] for test class [com.cognizant.authorization.model.UserTokenTest]
15:24:26.179 [main] DEBUG org.springframework.test.annotation.ProfileValueUtils - Retrieved ProfileValueSource type [class org.springframework.test.annotation.SystemProfileValueSource] for class [com.cognizant.authorization.model.UserTokenTest]
15:24:26.179 [main] DEBUG org.springframework.test.annotation.ProfileValueUtils - Retrieved @ProfileValueSourceConfiguration [null] for test class [com.cognizant.authorization.model.UserTokenTest]
15:24:26.179 [main] DEBUG org.springframework.test.annotation.ProfileValueUtils - Retrieved ProfileValueSource type [class org.springframework.test.annotation.SystemProfileValueSource] for class [com.cognizant.authorization.model.UserTokenTest]

  .   ____          _            __ _ _
 /\\ / ___'_ __ _ _(_)_ __  __ _ \ \ \ \
( ( )\___ | '_ | '_| | '_ \/ _` | \ \ \ \
 \\/  ___)| |_)| | | | | || (_| |  ) ) ) )
  '  |____| .__|_| |_|_| |_\__, | / / / /
 =========|_|==============|___/=/_/_/_/
 :: Spring Boot ::        (v2.3.4.RELEASE)

06-08-21 15:24:28.013 main                  INFO onServiceApplicationTests               logStarting   55 Starting AuthorizationServiceApplicationTests on DESKTOP-RE8HEVT with PID 9012 (started by DELL in C:\Pharmacy-managment-System-Microservice-main\authorization-service)
06-08-21 15:24:28.017 main                 DEBUG onServiceApplicationTests               logStarting   56 Running with Spring Boot v2.3.4.RELEASE, Spring v5.2.9.RELEASE
06-08-21 15:24:28.018 main                  INFO onServiceApplicationTests     logStartupProfileInfo  651 No active profile set, falling back to default profiles: default
06-08-21 15:24:32.515 main                  INFO toryConfigurationDelegate    registerRepositoriesIn  127 Bootstrapping Spring Data JPA repositories in DEFERRED mode.
06-08-21 15:24:33.423 main                  INFO toryConfigurationDelegate    registerRepositoriesIn  187 Finished Spring Data repository scanning in 858ms. Found 1 JPA repository interfaces.
06-08-21 15:24:37.184 main                  INFO s.b.w.e.t.TomcatWebServer                initialize  108 Tomcat initialized with port(s): 8084 (http)
06-08-21 15:24:37.226 main                  INFO o.a.c.c.StandardService                         log  173 Starting service [Tomcat]
06-08-21 15:24:37.226 main                  INFO o.a.c.core.StandardEngine                       log  173 Starting Servlet engine: [Apache Tomcat/9.0.38]
06-08-21 15:24:38.764 main                  INFO o.a.c.c.C.[.[.[/api/auth]                       log  173 Initializing Spring embedded WebApplicationContext
06-08-21 15:24:38.765 main                  INFO bServerApplicationContext prepareWebApplicationContext  285 Root WebApplicationContext: initialization completed in 10548 ms
06-08-21 15:24:39.573 main                 DEBUG c.c.a.s.JwtRequestFilter                       init  242 Filter 'jwtRequestFilter' configured for use
06-08-21 15:24:40.040 main                  INFO .c.ThreadPoolTaskExecutor                initialize  181 Initializing ExecutorService 'applicationTaskExecutor'
06-08-21 15:24:40.117 main                  INFO c.z.h.HikariDataSource                getConnection  110 HikariPool-1 - Starting...
06-08-21 15:24:41.031 main                  INFO c.z.h.HikariDataSource                getConnection  123 HikariPool-1 - Start completed.
06-08-21 15:24:41.506 task-1                INFO o.h.j.i.util.LogHelper    logPersistenceUnitInformation   31 HHH000204: Processing PersistenceUnitInfo [name: default]
06-08-21 15:24:41.575 main                  WARN ation$JpaWebConfiguration openEntityManagerInViewInterceptor  220 spring.jpa.open-in-view is enabled by default. Therefore, database queries may be performed during view rendering. Explicitly configure spring.jpa.open-in-view to disable this warning
06-08-21 15:24:41.837 main                  INFO c.c.a.c.WebSecurityConfig authenticationManagerBean   69 START
06-08-21 15:24:41.839 main                  INFO c.c.a.c.WebSecurityConfig authenticationManagerBean   70 END
06-08-21 15:24:42.183 main                  INFO c.c.a.c.WebSecurityConfig                 configure   42 START
06-08-21 15:24:42.308 main                  INFO c.c.a.c.WebSecurityConfig                 configure   45 END
06-08-21 15:24:42.319 main                  INFO c.c.a.c.WebSecurityConfig        getPasswordEncoder   80 START
06-08-21 15:24:42.322 main                  INFO c.c.a.c.WebSecurityConfig        getPasswordEncoder   81 END
06-08-21 15:24:42.424 task-1                INFO org.hibernate.Version                    logVersion   44 HHH000412: Hibernate ORM core version 5.4.21.Final
06-08-21 15:24:42.501 main                  INFO c.c.a.c.WebSecurityConfig                 configure   55 START
06-08-21 15:24:42.757 main                  INFO c.c.a.c.WebSecurityConfig                 configure   59 SESSION CREATE POLICY org.springframework.security.config.annotation.web.configurers.SessionManagementConfigurer@621dc63d:
06-08-21 15:24:42.760 main                  INFO c.c.a.c.WebSecurityConfig                 configure   62 ADD FILTER BEFOREorg.springframework.security.config.annotation.web.builders.HttpSecurity@4ae49387:
06-08-21 15:24:42.761 main                  INFO c.c.a.c.WebSecurityConfig                 configure   63 END
06-08-21 15:24:42.767 main                  INFO c.c.a.c.WebSecurityConfig                 configure   93 START
06-08-21 15:24:42.768 main                  INFO c.c.a.c.WebSecurityConfig                 configure   96 ANT MATCHERSorg.springframework.security.config.annotation.web.builders.WebSecurity$IgnoredRequestConfigurer@6728370a:
06-08-21 15:24:42.769 main                  INFO c.c.a.c.WebSecurityConfig                 configure   97 END
06-08-21 15:24:42.772 main                  INFO efaultSecurityFilterChain                    <init>   43 Creating filter chain: Ant [pattern='/login'], []
06-08-21 15:24:42.772 main                  INFO efaultSecurityFilterChain                    <init>   43 Creating filter chain: Ant [pattern='/h2-console/**'], []
06-08-21 15:24:42.773 main                  INFO efaultSecurityFilterChain                    <init>   43 Creating filter chain: Ant [pattern='/configuration/ui'], []
06-08-21 15:24:42.773 main                  INFO efaultSecurityFilterChain                    <init>   43 Creating filter chain: Ant [pattern='/configuration/security'], []
06-08-21 15:24:42.774 main                  INFO efaultSecurityFilterChain                    <init>   43 Creating filter chain: Ant [pattern='/webjars/**'], []
06-08-21 15:24:42.774 main                  INFO efaultSecurityFilterChain                    <init>   43 Creating filter chain: Ant [pattern='/manage/health/**'], []
06-08-21 15:24:45.529 main                  INFO efaultSecurityFilterChain                    <init>   43 Creating filter chain: any request, [org.springframework.security.web.context.request.async.WebAsyncManagerIntegrationFilter@252c6cdb, org.springframework.security.web.context.SecurityContextPersistenceFilter@399f5daf, org.springframework.security.web.header.HeaderWriterFilter@15f519f7, org.springframework.security.web.authentication.logout.LogoutFilter@5368e981, com.cognizant.authorization.service.JwtRequestFilter@60591e1b, org.springframework.security.web.savedrequest.RequestCacheAwareFilter@29f3185c, org.springframework.security.web.servletapi.SecurityContextHolderAwareRequestFilter@5e541ef9, org.springframework.security.web.authentication.AnonymousAuthenticationFilter@61c87f1b, org.springframework.security.web.session.SessionManagementFilter@628962e5, org.springframework.security.web.access.ExceptionTranslationFilter@2211b44f, org.springframework.security.web.access.intercept.FilterSecurityInterceptor@4809c771]
06-08-21 15:24:49.252 main                 DEBUG uestMappingHandlerAdapter initControllerAdviceCache  614 ControllerAdvice beans: 0 @ModelAttribute, 0 @InitBinder, 1 RequestBodyAdvice, 1 ResponseBodyAdvice
06-08-21 15:24:49.689 main                 DEBUG uestMappingHandlerMapping handlerMethodsInitialized  351 4 mappings in 'requestMappingHandlerMapping'
06-08-21 15:24:49.800 main                 DEBUG h.SimpleUrlHandlerMapping          registerHandlers  173 Patterns [/webjars/**, /**] in 'resourceHandlerMapping'
06-08-21 15:24:49.851 main                 DEBUG nHandlerExceptionResolver initExceptionHandlerAdviceCache  297 ControllerAdvice beans: 1 @ExceptionHandler, 1 ResponseBodyAdvice
06-08-21 15:24:50.441 task-1                INFO o.h.a.common.Version                       <clinit>   49 HCANN000001: Hibernate Commons Annotations {5.1.0.Final}
06-08-21 15:24:51.004 task-1                INFO o.h.dialect.Dialect                          <init>  170 HHH000400: Using dialect: org.hibernate.dialect.H2Dialect
06-08-21 15:24:52.902 task-1               DEBUG org.hibernate.SQL                      logStatement  128 drop table if exists user CASCADE 
Hibernate: drop table if exists user CASCADE 
06-08-21 15:24:52.911 task-1               DEBUG org.hibernate.SQL                      logStatement  128 create table user (userid varchar(20) not null, password varchar(20), username varchar(20), primary key (userid))
Hibernate: create table user (userid varchar(20) not null, password varchar(20), username varchar(20), primary key (userid))
06-08-21 15:24:52.957 task-1                INFO .p.i.JtaPlatformInitiator           initiateService   52 HHH000490: Using JtaPlatform implementation: [org.hibernate.engine.transaction.jta.platform.internal.NoJtaPlatform]
06-08-21 15:24:52.992 task-1                INFO rEntityManagerFactoryBean buildNativeEntityManagerFactory  416 Initialized JPA EntityManagerFactory for persistence unit 'default'
06-08-21 15:24:53.150 main                  INFO e.w.EndpointLinksResolver                    <init>   58 Exposing 2 endpoint(s) beneath base path '/actuator'
06-08-21 15:24:53.836 main                  WARN bServerApplicationContext                   refresh  559 Exception encountered during context initialization - cancelling refresh attempt: org.springframework.context.ApplicationContextException: Failed to start bean 'webServerStartStop'; nested exception is org.springframework.boot.web.server.PortInUseException: Port 8084 is already in use
06-08-21 15:24:53.841 main                  INFO rEntityManagerFactoryBean                   destroy  598 Closing JPA EntityManagerFactory for persistence unit 'default'
06-08-21 15:24:53.842 main                  INFO mpl$DelayedDropActionImpl                   perform  526 HHH000477: Starting delayed evictData of schema as part of SessionFactory shut-down'
06-08-21 15:24:53.844 main                 DEBUG org.hibernate.SQL                      logStatement  128 drop table if exists user CASCADE 
Hibernate: drop table if exists user CASCADE 
06-08-21 15:24:53.857 main                  INFO .c.ThreadPoolTaskExecutor                  shutdown  218 Shutting down ExecutorService 'applicationTaskExecutor'
06-08-21 15:24:53.860 main                  INFO c.z.h.HikariDataSource                        close  350 HikariPool-1 - Shutdown initiated...
06-08-21 15:24:53.878 main                  INFO c.z.h.HikariDataSource                        close  352 HikariPool-1 - Shutdown completed.
06-08-21 15:24:53.883 main                  INFO o.a.c.c.StandardService                         log  173 Stopping service [Tomcat]
06-08-21 15:24:53.967 main                  INFO tionReportLoggingListener                logMessage  136 

Error starting ApplicationContext. To display the conditions report re-run your application with 'debug' enabled.
06-08-21 15:24:53.977 main                 ERROR ngFailureAnalysisReporter                    report   40 

***************************
APPLICATION FAILED TO START
***************************

Description:

Web server failed to start. Port 8084 was already in use.

Action:

Identify and stop the process that's listening on port 8084 or configure this application to listen on another port.

]]></system-out>
  </testcase>
</testsuite>