<?xml version="1.0" encoding="UTF-8"?>
<testsuite xmlns:xsi="http://www.w3.org/2001/XMLSchema-instance" xsi:noNamespaceSchemaLocation="https://maven.apache.org/surefire/maven-surefire-plugin/xsd/surefire-test-report.xsd" name="com.cognizant.authorization.model.TestUserLoginCredential" time="0.068" tests="4" errors="0" skipped="0" failures="0">
  <properties>
[...]
</properties>
  <testcase name="testAllArgumentConstructor" classname="com.cognizant.authorization.model.TestUserLoginCredential" time="0"/>
  <testcase name="testEquals" classname="com.cognizant.authorization.model.TestUserLoginCredential" time="0"/>
  <testcase name="testNoArgConstructor" classname="com.cognizant.authorization.model.TestUserLoginCredential" time="0"/>
  <testcase name="testToStringMethod" classname="com.cognizant.authorization.model.TestUserLoginCredential" time="0"/>
</testsuite>